<?xml version="1.0" encoding="UTF-8"?>
<!-- Generated by org.testng.reporters.JUnitXMLReporter -->
<testsuite ignored="0" hostname="DESKTOP-M4FESMU" failures="2" tests="2" name="Assignment4" time="3.797" errors="0" timestamp="2025-02-02T15:42:41 PKT">
  <testcase classname="tests.L1F21BSSE0145" name="testcreate" time="2.586">
    <failure type="java.lang.AssertionError" message="expected [software testing] but found [Software testing]">
      <![CDATA[java.lang.AssertionError: expected [software testing] but found [Software testing]
at tests.L1F21BSSE0145.testcreate(L1F21BSSE0145.java:26)
at java.base/java.util.ArrayList.forEach(ArrayList.java:1597)
at com.intellij.rt.testng.IDEARemoteTestNG.run(IDEARemoteTestNG.java:65)
at com.intellij.rt.testng.RemoteTestNGStarter.main(RemoteTestNGStarter.java:105)
... Removed 28 stack frames]]>
    </failure>
  </testcase> <!-- testcreate -->
  <testcase classname="tests.L1F21BSSE0145" name="updatetest" time="0.521">
    <failure type="java.lang.AssertionError" message="expected [200] but found [201]">
      <![CDATA[java.lang.AssertionError: expected [200] but found [201]
at tests.L1F21BSSE0145.updatetest(L1F21BSSE0145.java:36)
at java.base/java.util.ArrayList.forEach(ArrayList.java:1597)
at com.intellij.rt.testng.IDEARemoteTestNG.run(IDEARemoteTestNG.java:65)
at com.intellij.rt.testng.RemoteTestNGStarter.main(RemoteTestNGStarter.java:105)
... Removed 29 stack frames]]>
    </failure>
  </testcase> <!-- updatetest -->
</testsuite> <!-- Assignment4 -->
